<?xml version="1.0" encoding="utf-8"?><testsuites name="pytest tests"><testsuite name="pytest" errors="0" failures="2" skipped="0" tests="191" time="70.333" timestamp="2026-08-28T02:14:39.240743+00:00" hostname="agent-env-c40efd7a-63a9-416c-9c62-cdf7c858abb4"><testcase classname="tests.backend_test" name="test_root" time="0.309" /><testcase classname="tests.test_iteration4" name="test_public_listings_no_auth" time="1.867" /><testcase classname="tests.backend_test" name="test_kind_case_insensitive_normalized" time="1.518" /><testcase classname="tests.backend_test" name="test_invalid_kind_rejected" time="0.066" /><testcase classname="tests.test_iteration4" name="test_public_community_stats_no_auth" time="0.072" /><testcase classname="tests.backend_test" name="test_listing_detail_enrichment" time="0.103" /><testcase classname="tests.test_iteration4" name="test_public_storefront_no_auth_and_no_pii" time="0.065" /><testcase classname="tests.backend_test" name="test_filter_mine" time="0.102" /><testcase classname="tests.test_iteration4" name="test_public_storefront_unknown_user_404" time="0.065" /><testcase classname="tests.test_iteration4" name="test_mine_filter_requires_auth" time="0.065" /><testcase classname="tests.backend_test" name="test_filter_excludes_own_listings" time="0.085" /><testcase classname="tests.test_iteration4" name="test_profile_storefront_fields_persist" time="0.146" /><testcase classname="tests.backend_test" name="test_filter_kind_lowercase" time="0.076" /><testcase classname="tests.backend_test" name="test_filter_kind_uppercase_query" time="0.284" /><testcase classname="tests.test_iteration4" name="test_storefront_fields_visible_publicly" time="0.107" /><testcase classname="tests.test_iteration4" name="test_accepts_donations_can_be_set_false" time="0.137" /><testcase classname="tests.test_iteration4" name="test_conversation_created_idempotently" time="0.241" /><testcase classname="tests.backend_test" name="test_filter_category_and_q" time="0.210" /><testcase classname="tests.backend_test" name="test_filter_radius" time="0.088" /><testcase classname="tests.test_iteration4" name="test_dm_send_and_persist" time="0.210" /><testcase classname="tests.backend_test" name="test_blocked_user_excluded_then_unblocked" time="0.435" /><testcase classname="tests.test_iteration4" name="test_conversation_list_and_unread" time="0.374" /><testcase classname="tests.backend_test" name="test_matches_both_directions" time="0.154" /><testcase classname="tests.test_iteration4" name="test_third_party_cannot_read_ab_thread" time="0.279" /><testcase classname="tests.backend_test" name="test_unauthenticated_trades_401" time="0.062" /><testcase classname="tests.backend_test" name="test_unauthenticated_listings_public" time="0.195" /><testcase classname="tests.test_iteration4" name="test_dm_self_rejected" time="0.124" /><testcase classname="tests.backend_test" name="test_non_owner_cannot_patch_or_delete" time="0.199" /><testcase classname="tests.test_iteration4" name="test_dm_requires_auth" time="0.129" /><testcase classname="tests.test_iteration4" name="test_dm_unknown_user" time="0.189" /><testcase classname="tests.backend_test" name="test_unknown_listing_404" time="0.066" /><testcase classname="tests.backend_test" name="test_trade_visible_to_both" time="0.212" /><testcase classname="tests.test_iteration4" name="test_block_prevents_dm_both_directions" time="0.510" /><testcase classname="tests.backend_test" name="test_third_party_cannot_access_trade" time="0.288" /><testcase classname="tests.backend_test" name="test_proposer_cannot_accept_own_trade" time="0.109" /><testcase classname="tests.backend_test" name="test_lifecycle_accept_meetup_chat_complete_rate" time="1.460" /><testcase classname="tests.test_iteration4" name="test_notif_trade_proposal" time="0.196" /><testcase classname="tests.test_iteration4" name="test_notif_accept" time="0.136" /><testcase classname="tests.test_iteration4" name="test_notif_meetup" time="0.139" /><testcase classname="tests.test_iteration4" name="test_notif_complete_and_rating_requests" time="0.392" /><testcase classname="tests.test_iteration4" name="test_notif_decline" time="0.207" /><testcase classname="tests.backend_test" name="test_rating_out_of_range_rejected[0]" time="0.068" /><testcase classname="tests.backend_test" name="test_rating_out_of_range_rejected[-5]" time="0.068" /><testcase classname="tests.backend_test" name="test_rating_out_of_range_rejected[6]" time="0.227" /><testcase classname="tests.backend_test" name="test_rating_out_of_range_rejected[99]" time="0.081" /><testcase classname="tests.backend_test" name="test_rating_valid_boundaries_pass_validation" time="0.183" /><testcase classname="tests.backend_test" name="test_invalid_trade_listings_400" time="0.065" /><testcase classname="tests.test_iteration4" name="test_referrals_mine_shape" time="1.128" /><testcase classname="tests.backend_test" name="test_community_stats" time="0.066" /><testcase classname="tests.test_iteration4" name="test_referral_lookup_public" time="0.134" /><testcase classname="tests.backend_test" name="test_notifications" time="0.181" /><testcase classname="tests.test_iteration4" name="test_referral_lookup_invalid_404" time="0.123" /><testcase classname="tests.backend_test" name="test_public_user_profile_hides_pii" time="0.209" /><testcase classname="tests.test_iteration4" name="test_referral_verified_on_first_trade" time="1.179" /><testcase classname="tests.test_iteration5" name="test_dm_unknown_user_returns_404" time="0.930" /><testcase classname="tests.test_iteration5" name="test_dm_empty_text_422" time="0.149" /><testcase classname="tests.test_iteration4" name="test_signup_bogus_referral_code_still_works" time="0.361" /><testcase classname="tests.test_iteration5" name="test_dm_to_user_id_optional" time="0.257" /><testcase classname="tests.test_iteration5" name="test_trade_message_empty_text_422" time="1.574" /><testcase classname="tests.test_iteration4" name="test_ai_suggest_category" time="2.383" /><testcase classname="tests.test_iteration5" name="test_public_user_no_private_leaks" time="0.153" /><testcase classname="tests.test_iteration5" name="test_public_user_has_required_fields" time="0.068" /><testcase classname="tests.test_iteration5" name="test_username_generated_and_unique_for_same_display_name" time="0.775" /><testcase classname="tests.test_iteration4" name="test_ai_suggest_requires_auth" time="0.066" /><testcase classname="tests.test_iteration4" name="test_kind_normalization_and_filter" time="0.079" /><testcase classname="tests.test_iteration5" name="test_first_name_defaults_from_display_name_and_editable" time="0.484" /><testcase classname="tests.test_iteration4" name="test_indexes_present[users]" time="0.001" /><testcase classname="tests.test_iteration4" name="test_indexes_present[listings]" time="0.001" /><testcase classname="tests.test_iteration4" name="test_indexes_present[trades]" time="0.001" /><testcase classname="tests.test_iteration4" name="test_indexes_present[trade_messages]" time="0.001" /><testcase classname="tests.test_iteration4" name="test_indexes_present[notifications]" time="0.001" /><testcase classname="tests.test_iteration4" name="test_indexes_present[blocks]" time="0.001" /><testcase classname="tests.test_iteration4" name="test_indexes_present[conversations]" time="0.000" /><testcase classname="tests.test_iteration4" name="test_indexes_present[dm_messages]" time="0.000" /><testcase classname="tests.test_iteration4" name="test_unique_indexes" time="0.001" /><testcase classname="tests.test_iteration4" name="test_email_queue_kinds_present" time="0.740" /><testcase classname="tests.test_iteration5" name="test_shipping_fields_persist" time="0.656" /><testcase classname="tests.test_iteration5" name="test_shipping_defaults_false" time="0.506" /><testcase classname="tests.test_iteration12.TestListingFilters" name="test_kind_filter[have]" time="1.154" /><testcase classname="tests.test_iteration5" name="test_listing_rate_limit_20_per_day" time="4.244" /><testcase classname="tests.test_iteration12.TestListingFilters" name="test_kind_filter[need]" time="0.110" /><testcase classname="tests.test_iteration12.TestListingFilters" name="test_kind_filter[service]" time="0.121" /><testcase classname="tests.test_iteration12.TestListingFilters" name="test_category_case_insensitive" time="0.175" /><testcase classname="tests.test_iteration12.TestListingFilters" name="test_q_search" time="0.073" /><testcase classname="tests.test_iteration12.TestListingFilters" name="test_mine_true_only_own" time="0.064" /><testcase classname="tests.test_iteration12.TestListingFilters" name="test_mine_requires_auth" time="0.072" /><testcase classname="tests.test_iteration12.TestListingFilters" name="test_public_listing_excludes_own" time="0.079" /><testcase classname="tests.test_iteration12.TestListingFilters" name="test_has_photos_filter" time="0.131" /><testcase classname="tests.test_iteration12.TestListingFilters" name="test_verified_only_filter" time="0.076" /><testcase classname="tests.test_iteration12.TestListingFilters" name="test_radius_filter" time="0.083" /><testcase classname="tests.test_iteration12.TestListingFilters" name="test_sort_emergency_floats_top[recent]" time="0.083" /><testcase classname="tests.test_iteration12.TestListingFilters" name="test_sort_emergency_floats_top[closest]" time="0.083" /><testcase classname="tests.test_iteration12.TestListingFilters" name="test_sort_emergency_floats_top[reputation]" time="0.082" /><testcase classname="tests.test_iteration12.TestListingFilters" name="test_sort_reputation_descending" time="0.091" /><testcase classname="tests.test_iteration12.TestListingFilters" name="test_sort_closest_ascending" time="0.097" /><testcase classname="tests.test_iteration12.TestListingFilters" name="test_no_mongo_id_leak" time="0.415" /><testcase classname="tests.test_iteration6" name="test_delete_account_revokes_old_token" time="0.427" /><testcase classname="tests.test_iteration6" name="test_deleted_user_cannot_create_listing" time="0.418" /><testcase classname="tests.test_iteration6" name="test_suspended_user_token_rejected" time="0.483" /><testcase classname="tests.test_iteration6" name="test_username_too_short_422" time="0.364" /><testcase classname="tests.test_iteration6" name="test_username_bad_chars_422" time="0.356" /><testcase classname="tests.test_iteration6" name="test_username_too_long_422" time="0.517" /><testcase classname="tests.test_iteration5" name="test_rate_limit_is_per_user" time="0.815" /><testcase classname="tests.test_iteration6" name="test_username_valid_persists" time="0.426" /><testcase classname="tests.test_iteration5" name="test_notification_prefs_persist_and_returned_by_me" time="0.812" /><testcase classname="tests.test_iteration6" name="test_username_duplicate_409" time="1.193" /><testcase classname="tests.test_iteration5" name="test_email_notifications_off_suppresses_email_queue" time="0.810" /><testcase classname="tests.test_iteration6" name="test_username_unique_index_exists" time="0.001" /><testcase classname="tests.test_iteration6" name="test_username_setting_own_same_value_ok" time="0.656" /><testcase classname="tests.test_iteration5" name="test_delete_all_notifications" time="1.547" /><testcase classname="tests.test_iteration6" name="test_dm_whitespace_only_422" time="0.676" /><testcase classname="tests.test_iteration6" name="test_dm_whitespace_stripped_and_stored" time="0.932" /><testcase classname="tests.test_iteration5" name="test_delete_notifications_requires_auth" time="0.063" /><testcase classname="tests.test_iteration5" name="test_delete_notifications_scoped_to_caller" time="1.289" /><testcase classname="tests.test_iteration6" name="test_trade_message_whitespace_only_422" time="1.476" /><testcase classname="tests.test_iteration5" name="test_delete_account_soft_deletes" time="0.432" /><testcase classname="tests.test_iteration5" name="test_delete_account_revokes_old_token" time="0.575" /><testcase classname="tests.test_iteration6" name="test_notify_messages_false_suppresses_inapp_and_email" time="1.640" /><testcase classname="tests.test_iteration5" name="test_delete_account_requires_auth" time="0.223" /><testcase classname="tests.test_iteration5" name="test_trade_completed_email_for_both_parties" time="1.727" /><testcase classname="tests.test_iteration6" name="test_notify_trades_false_suppresses_trade_proposal" time="1.192" /><testcase classname="tests.test_iteration5" name="test_ai_suggest_category" time="1.108" /><testcase classname="tests.test_iteration6" name="test_prefs_do_not_leak_to_other_user" time="0.823" /><testcase classname="tests.test_iteration8" name="test_fresh_signup_has_notification_prefs_true" time="0.294" /><testcase classname="tests.test_iteration6" name="test_notify_matches_pref_persists" time="0.964" /><testcase classname="tests.test_iteration8" name="test_fresh_signup_dm_creates_message_notification" time="1.318" /><testcase classname="tests.test_iteration7" name="test_notify_messages_false_suppresses_dm_and_trade_chat" time="1.971" /><testcase classname="tests.test_iteration8" name="test_fresh_signup_trade_meetup_rating_notifications" time="2.215" /><testcase classname="tests.test_iteration7" name="test_notify_trades_false_suppresses_all_trade_notifs" time="2.373" /><testcase classname="tests.test_iteration8" name="test_notify_messages_false_still_suppresses_then_resumes" time="1.102" /><testcase classname="tests.test_iteration8" name="test_dashboard_stats_shape_and_personal_counts" time="1.351" /><testcase classname="tests.test_iteration7" name="test_notify_trades_true_all_trade_notifs_appear" time="2.333" /><testcase classname="tests.test_iteration8" name="test_dashboard_stats_completed_and_active_trades" time="1.369" /><testcase classname="tests.test_iteration8" name="test_dashboard_stats_nearby_excludes_own" time="1.793" /><testcase classname="tests.test_iteration7" name="test_decline_notif_suppressed_then_delivered" time="2.146" /><testcase classname="tests.test_iteration8" name="test_dashboard_stats_requires_auth" time="0.116" /><testcase classname="tests.test_iteration8" name="test_search_suggest_shape_excludes_own_and_sorted" time="2.145" /><testcase classname="tests.test_iteration7" name="test_referral_verified_always_fires" time="2.651" /><testcase classname="tests.test_iteration8" name="test_search_suggest_limit_max_10" time="4.502" /><testcase classname="tests.test_iteration7" name="test_dm_blank_no_conversation_created" time="0.759" /><testcase classname="tests.test_iteration7" name="test_dm_blank_does_not_touch_existing_conversation" time="0.820" /><testcase classname="tests.test_iteration7" name="test_dm_last_message_stripped" time="0.846" /><testcase classname="tests.test_iteration11.TestCookieAuth" name="test_signup_sets_httponly_cookie" time="0.291" /><testcase classname="tests.test_iteration11.TestCookieAuth" name="test_login_sets_cookie_and_returns_token" time="0.583" /><testcase classname="tests.test_iteration11.TestCookieAuth" name="test_me_with_cookie_only" time="0.355" /><testcase classname="tests.test_iteration11.TestCookieAuth" name="test_me_with_bearer_only" time="0.581" /><testcase classname="tests.test_iteration8" name="test_search_suggest_auth_and_validation" time="0.896" /><testcase classname="tests.test_iteration11.TestCookieAuth" name="test_me_unauthenticated_401" time="0.070" /><testcase classname="tests.test_iteration11.TestCookieAuth" name="test_logout_clears_cookie_and_session" time="0.359" /><testcase classname="tests.test_iteration9" name="test_trade_proposal_email_delivered_or_failed" time="2.391" /><testcase classname="tests.test_iteration11.TestCookieAuth" name="test_invalid_token_cookie_rejected" time="0.246" /><testcase classname="tests.test_iteration11.TestOtherRegressions" name="test_public_listings_browse_unauthenticated" time="0.293" /><testcase classname="tests.test_iteration11.TestOtherRegressions" name="test_conversations" time="0.975" /><testcase classname="tests.test_iteration11.TestOtherRegressions" name="test_trade_chains" time="0.425" /><testcase classname="tests.test_iteration11.TestOtherRegressions" name="test_referrals" time="0.897" /><testcase classname="tests.test_iteration9" name="test_all_email_kinds_queued_and_resolved" time="2.993" /><testcase classname="tests.test_iteration11.TestOtherRegressions" name="test_recent_completed_30d_counts_a_just_completed_trade" time="1.329" /><testcase classname="tests.test_iteration11.TestOtherRegressions" name="test_dashboard_stats_requires_auth" time="0.071" /><testcase classname="tests.test_iteration12.TestTradeLifecycle" name="test_full_lifecycle_with_referral_hook" time="2.713" /><testcase classname="tests.test_iteration9" name="test_email_notifications_false_creates_no_row" time="4.155" /><testcase classname="tests.test_iteration12.TestTradeLifecycle" name="test_repeat_complete_on_completed_trade_is_idempotent" time="1.415"><failure message="AssertionError: re-completing an already-completed trade re-incremented successful_trades 1-&gt;2 (HTTP 200)&#10;assert 2 == 1">self = &lt;test_iteration12.TestTradeLifecycle object at 0xf834fbf9fc50&gt;

    def test_repeat_complete_on_completed_trade_is_idempotent(self):
        """Calling complete again on an already-completed trade must not re-increment counters."""
        a, b = _signup("idA"), _signup("idB")
        la = _listing(a, "have", f"TEST_idem_a_{uuid.uuid4().hex[:6]}")
        lb = _listing(b, "have", f"TEST_idem_b_{uuid.uuid4().hex[:6]}")
        tid = requests.post(f"{BASE}/trades", headers=a["h"], json={
            "my_listing_id": la["listing_id"], "their_listing_id": lb["listing_id"], "to_user_id": b["user_id"],
            "message": "TEST"}, timeout=T).json()["trade_id"]
        requests.post(f"{BASE}/trades/{tid}/action", params={"action": "accept"}, headers=b["h"], timeout=T)
        for u in (a, b):
            requests.post(f"{BASE}/trades/{tid}/action", params={"action": "complete"}, headers=u["h"], timeout=T)
        base_a = requests.get(f"{BASE}/auth/me", headers=a["h"], timeout=T).json()["successful_trades"]
        r = requests.post(f"{BASE}/trades/{tid}/action", params={"action": "complete"},
                          headers=a["h"], timeout=T)
        again_a = requests.get(f"{BASE}/auth/me", headers=a["h"], timeout=T).json()["successful_trades"]
        _del_listing(a, la["listing_id"])
        _del_listing(b, lb["listing_id"])
&gt;       assert again_a == base_a, (
            f"re-completing an already-completed trade re-incremented successful_trades "
            f"{base_a}-&gt;{again_a} (HTTP {r.status_code})")
E       AssertionError: re-completing an already-completed trade re-incremented successful_trades 1-&gt;2 (HTTP 200)
E       assert 2 == 1

tests/test_iteration12.py:179: AssertionError</failure></testcase><testcase classname="tests.test_iteration12.TestTradeLifecycle" name="test_complete_on_unaccepted_trade_should_be_rejected" time="1.646"><failure message="AssertionError: a DECLINED trade was driven to status=completed via action=complete (HTTP [200, 200])&#10;assert 'completed' == 'declined'&#10;  &#10;  - declined&#10;  + completed">self = &lt;test_iteration12.TestTradeLifecycle object at 0xf834fbf9ff50&gt;

    def test_complete_on_unaccepted_trade_should_be_rejected(self):
        """_handle_trade_complete has no state guard: a never-accepted (or declined) trade
        can be driven to 'completed' and inflate successful_trades."""
        a, b = _signup("stA"), _signup("stB")
        la = _listing(a, "have", f"TEST_st_a_{uuid.uuid4().hex[:6]}")
        lb = _listing(b, "have", f"TEST_st_b_{uuid.uuid4().hex[:6]}")
        tid = requests.post(f"{BASE}/trades", headers=a["h"], json={
            "my_listing_id": la["listing_id"], "their_listing_id": lb["listing_id"], "to_user_id": b["user_id"],
            "message": "TEST"}, timeout=T).json()["trade_id"]
        # decline, then try to complete from both sides
        requests.post(f"{BASE}/trades/{tid}/action", params={"action": "decline"}, headers=b["h"], timeout=T)
        codes = []
        for u in (a, b):
            r = requests.post(f"{BASE}/trades/{tid}/action", params={"action": "complete"},
                              headers=u["h"], timeout=T)
            codes.append(r.status_code)
        final = requests.get(f"{BASE}/trades/{tid}", headers=a["h"], timeout=T).json()["status"]
        _del_listing(a, la["listing_id"])
        _del_listing(b, lb["listing_id"])
&gt;       assert final == "declined", (
            f"a DECLINED trade was driven to status={final} via action=complete (HTTP {codes})")
E       AssertionError: a DECLINED trade was driven to status=completed via action=complete (HTTP [200, 200])
E       assert 'completed' == 'declined'
E         
E         - declined
E         + completed

tests/test_iteration12.py:202: AssertionError</failure></testcase><testcase classname="tests.test_iteration9" name="test_kind_specific_pref_suppression" time="4.658" /><testcase classname="tests.test_iteration12.TestTradeLifecycle" name="test_decline_flow" time="1.098" /><testcase classname="tests.test_iteration12.TestTradeLifecycle" name="test_trade_action_requires_participant" time="1.409" /><testcase classname="tests.test_iteration11.TestCommunityDashboard" name="test_dashboard_public_shape" time="0.585" /><testcase classname="tests.test_iteration11.TestCommunityDashboard" name="test_dashboard_emergency_listing_present" time="0.070" /><testcase classname="tests.test_iteration11.TestCommunityDashboard" name="test_dashboard_top_services_includes_new_service" time="0.080" /><testcase classname="tests.test_iteration11.TestCommunityDashboard" name="test_dashboard_no_auth_leakage" time="0.466" /><testcase classname="tests.test_iteration10" name="test_same_display_name_unique_usernames" time="1.385" /><testcase classname="tests.test_iteration9" name="test_deleted_user_no_email_queued" time="4.870" /><testcase classname="tests.test_iteration10" name="test_username_present_for_email_seed" time="0.319" /><testcase classname="tests.test_iteration10" name="test_ai_suggest_category" time="1.565" /><testcase classname="tests.test_iteration11.TestEmergencyFloatsTop" name="test_emergency_first[recent]" time="0.599" /><testcase classname="tests.test_iteration11.TestEmergencyFloatsTop" name="test_emergency_first[distance]" time="0.081" /><testcase classname="tests.test_iteration11.TestEmergencyFloatsTop" name="test_emergency_first[reputation]" time="0.216" /><testcase classname="tests.test_iteration12.TestMatchesChains" name="test_chains_schema_and_cycle" time="2.361" /><testcase classname="tests.test_iteration9" name="test_resend_sandbox_recipient_marked_sent" time="1.699" /><testcase classname="tests.test_iteration12.TestMatchesChains" name="test_chains_empty_for_fresh_user" time="0.357" /><testcase classname="tests.test_iteration12.TestMatchesChains" name="test_chains_requires_auth" time="0.060" /><testcase classname="tests.test_iteration9" name="test_no_bartergrid_local_recipients_in_queue" time="0.002" /><testcase classname="tests.test_iteration9" name="test_recent_rows_are_resolved" time="0.002" /><testcase classname="tests.test_iteration12.TestCommunityDashboard" name="test_public_rich_schema" time="0.083" /><testcase classname="tests.test_iteration12.TestDashboardStats" name="test_stats_shape_no_location" time="0.592" /><testcase classname="tests.test_iteration12.TestCommunityDashboard" name="test_recent_completed_30d_increments" time="1.696" /><testcase classname="tests.test_iteration12.TestDashboardStats" name="test_stats_reflect_my_listings_and_trades" time="3.444" /><testcase classname="tests.test_iteration12.TestAuthPaths" name="test_bearer_and_cookie_both_work" time="0.728" /><testcase classname="tests.test_iteration12.TestAuthPaths" name="test_login_sets_cookie_and_token" time="0.858" /><testcase classname="tests.test_iteration7_rca" name="test_default_user_receives_inapp_notification" time="0.808" /><testcase classname="tests.test_iteration12.TestDashboardStats" name="test_stats_requires_auth" time="0.062" /><testcase classname="tests.test_iteration11.TestTradeFlowRegression" name="test_full_flow_with_cookie_sessions" time="1.424" /></testsuite></testsuites>