<?xml version="1.0" encoding="utf-8"?><testsuites name="pytest tests"><testsuite name="pytest" errors="0" failures="0" skipped="0" tests="127" time="51.175" timestamp="2026-08-25T20:32:22.816107+00:00" hostname="agent-env-c40efd7a-63a9-416c-9c62-cdf7c858abb4"><testcase classname="tests.backend_test" name="test_root" time="0.102" /><testcase classname="tests.test_iteration4" name="test_public_listings_no_auth" time="1.888" /><testcase classname="tests.backend_test" name="test_kind_case_insensitive_normalized" time="1.762" /><testcase classname="tests.backend_test" name="test_invalid_kind_rejected" time="0.082" /><testcase classname="tests.test_iteration4" name="test_public_community_stats_no_auth" time="0.075" /><testcase classname="tests.backend_test" name="test_listing_detail_enrichment" time="0.086" /><testcase classname="tests.test_iteration4" name="test_public_storefront_no_auth_and_no_pii" time="0.117" /><testcase classname="tests.backend_test" name="test_filter_mine" time="0.075" /><testcase classname="tests.test_iteration4" name="test_public_storefront_unknown_user_404" time="0.076" /><testcase classname="tests.backend_test" name="test_filter_excludes_own_listings" time="0.091" /><testcase classname="tests.test_iteration4" name="test_mine_filter_requires_auth" time="0.092" /><testcase classname="tests.backend_test" name="test_filter_kind_lowercase" time="0.082" /><testcase classname="tests.test_iteration4" name="test_profile_storefront_fields_persist" time="0.191" /><testcase classname="tests.backend_test" name="test_filter_kind_uppercase_query" time="0.231" /><testcase classname="tests.test_iteration4" name="test_storefront_fields_visible_publicly" time="0.075" /><testcase classname="tests.backend_test" name="test_filter_category_and_q" time="0.193" /><testcase classname="tests.test_iteration4" name="test_accepts_donations_can_be_set_false" time="0.145" /><testcase classname="tests.test_iteration4" name="test_conversation_created_idempotently" time="0.376" /><testcase classname="tests.backend_test" name="test_filter_radius" time="0.088" /><testcase classname="tests.backend_test" name="test_blocked_user_excluded_then_unblocked" time="0.406" /><testcase classname="tests.test_iteration4" name="test_dm_send_and_persist" time="0.232" /><testcase classname="tests.backend_test" name="test_matches_both_directions" time="0.156" /><testcase classname="tests.test_iteration4" name="test_conversation_list_and_unread" time="0.474" /><testcase classname="tests.backend_test" name="test_unauthenticated_trades_401" time="0.074" /><testcase classname="tests.backend_test" name="test_unauthenticated_listings_public" time="0.166" /><testcase classname="tests.backend_test" name="test_non_owner_cannot_patch_or_delete" time="0.273" /><testcase classname="tests.test_iteration4" name="test_third_party_cannot_read_ab_thread" time="0.309" /><testcase classname="tests.backend_test" name="test_unknown_listing_404" time="0.073" /><testcase classname="tests.test_iteration4" name="test_dm_self_rejected" time="0.164" /><testcase classname="tests.backend_test" name="test_trade_visible_to_both" time="0.271" /><testcase classname="tests.test_iteration4" name="test_dm_requires_auth" time="0.167" /><testcase classname="tests.backend_test" name="test_third_party_cannot_access_trade" time="0.255" /><testcase classname="tests.test_iteration4" name="test_dm_unknown_user" time="0.210" /><testcase classname="tests.backend_test" name="test_proposer_cannot_accept_own_trade" time="0.075" /><testcase classname="tests.backend_test" name="test_lifecycle_accept_meetup_chat_complete_rate" time="5.116" /><testcase classname="tests.test_iteration4" name="test_block_prevents_dm_both_directions" time="0.713" /><testcase classname="tests.test_iteration4" name="test_notif_trade_proposal" time="0.187" /><testcase classname="tests.test_iteration4" name="test_notif_accept" time="0.200" /><testcase classname="tests.test_iteration4" name="test_notif_meetup" time="0.184" /><testcase classname="tests.test_iteration4" name="test_notif_complete_and_rating_requests" time="2.505" /><testcase classname="tests.test_iteration4" name="test_notif_decline" time="0.242" /><testcase classname="tests.backend_test" name="test_rating_out_of_range_rejected[0]" time="0.077" /><testcase classname="tests.backend_test" name="test_rating_out_of_range_rejected[-5]" time="0.075" /><testcase classname="tests.backend_test" name="test_rating_out_of_range_rejected[6]" time="0.119" /><testcase classname="tests.test_iteration4" name="test_referrals_mine_shape" time="1.271" /><testcase classname="tests.test_iteration4" name="test_referral_lookup_public" time="0.187" /><testcase classname="tests.backend_test" name="test_rating_out_of_range_rejected[99]" time="0.083" /><testcase classname="tests.backend_test" name="test_rating_valid_boundaries_pass_validation" time="0.171" /><testcase classname="tests.test_iteration4" name="test_referral_lookup_invalid_404" time="0.156" /><testcase classname="tests.backend_test" name="test_invalid_trade_listings_400" time="0.119" /><testcase classname="tests.test_iteration4" name="test_referral_verified_on_first_trade" time="1.026" /><testcase classname="tests.backend_test" name="test_community_stats" time="0.127" /><testcase classname="tests.backend_test" name="test_notifications" time="0.151" /><testcase classname="tests.backend_test" name="test_public_user_profile_hides_pii" time="0.280" /><testcase classname="tests.test_iteration4" name="test_signup_bogus_referral_code_still_works" time="0.538" /><testcase classname="tests.test_iteration4" name="test_ai_suggest_category" time="2.579" /><testcase classname="tests.test_iteration5" name="test_dm_unknown_user_returns_404" time="2.510" /><testcase classname="tests.test_iteration5" name="test_dm_empty_text_422" time="0.095" /><testcase classname="tests.test_iteration5" name="test_dm_to_user_id_optional" time="0.113" /><testcase classname="tests.test_iteration5" name="test_trade_message_empty_text_422" time="0.236" /><testcase classname="tests.test_iteration5" name="test_public_user_no_private_leaks" time="0.171" /><testcase classname="tests.test_iteration5" name="test_public_user_has_required_fields" time="0.079" /><testcase classname="tests.test_iteration5" name="test_username_generated_and_unique_for_same_display_name" time="0.937" /><testcase classname="tests.test_iteration4" name="test_ai_suggest_requires_auth" time="0.288" /><testcase classname="tests.test_iteration4" name="test_kind_normalization_and_filter" time="0.076" /><testcase classname="tests.test_iteration4" name="test_indexes_present[users]" time="0.001" /><testcase classname="tests.test_iteration4" name="test_indexes_present[listings]" time="0.001" /><testcase classname="tests.test_iteration4" name="test_indexes_present[trades]" time="0.001" /><testcase classname="tests.test_iteration4" name="test_indexes_present[trade_messages]" time="0.001" /><testcase classname="tests.test_iteration4" name="test_indexes_present[notifications]" time="0.001" /><testcase classname="tests.test_iteration4" name="test_indexes_present[blocks]" time="0.001" /><testcase classname="tests.test_iteration4" name="test_indexes_present[conversations]" time="0.001" /><testcase classname="tests.test_iteration4" name="test_indexes_present[dm_messages]" time="0.001" /><testcase classname="tests.test_iteration4" name="test_unique_indexes" time="0.001" /><testcase classname="tests.test_iteration4" name="test_email_queue_kinds_present" time="0.563" /><testcase classname="tests.test_iteration5" name="test_first_name_defaults_from_display_name_and_editable" time="0.670" /><testcase classname="tests.test_iteration6" name="test_delete_account_revokes_old_token" time="0.768" /><testcase classname="tests.test_iteration5" name="test_shipping_fields_persist" time="0.782" /><testcase classname="tests.test_iteration6" name="test_deleted_user_cannot_create_listing" time="0.444" /><testcase classname="tests.test_iteration5" name="test_shipping_defaults_false" time="0.611" /><testcase classname="tests.test_iteration6" name="test_suspended_user_token_rejected" time="0.884" /><testcase classname="tests.test_iteration5" name="test_listing_rate_limit_20_per_day" time="7.159" /><testcase classname="tests.test_iteration6" name="test_username_too_short_422" time="0.363" /><testcase classname="tests.test_iteration6" name="test_username_bad_chars_422" time="0.381" /><testcase classname="tests.test_iteration6" name="test_username_too_long_422" time="0.402" /><testcase classname="tests.test_iteration6" name="test_username_valid_persists" time="0.520" /><testcase classname="tests.test_iteration6" name="test_username_duplicate_409" time="0.992" /><testcase classname="tests.test_iteration6" name="test_username_unique_index_exists" time="0.001" /><testcase classname="tests.test_iteration6" name="test_username_setting_own_same_value_ok" time="0.513" /><testcase classname="tests.test_iteration6" name="test_dm_whitespace_only_422" time="0.813" /><testcase classname="tests.test_iteration6" name="test_dm_whitespace_stripped_and_stored" time="0.811" /><testcase classname="tests.test_iteration6" name="test_trade_message_whitespace_only_422" time="1.236" /><testcase classname="tests.test_iteration6" name="test_notify_messages_false_suppresses_inapp_and_email" time="1.334" /><testcase classname="tests.test_iteration5" name="test_rate_limit_is_per_user" time="0.603" /><testcase classname="tests.test_iteration6" name="test_notify_trades_false_suppresses_trade_proposal" time="1.521" /><testcase classname="tests.test_iteration5" name="test_notification_prefs_persist_and_returned_by_me" time="0.876" /><testcase classname="tests.test_iteration5" name="test_email_notifications_off_suppresses_email_queue" time="0.535" /><testcase classname="tests.test_iteration5" name="test_delete_all_notifications" time="3.119" /><testcase classname="tests.test_iteration6" name="test_prefs_do_not_leak_to_other_user" time="3.112" /><testcase classname="tests.test_iteration5" name="test_delete_notifications_requires_auth" time="0.122" /><testcase classname="tests.test_iteration6" name="test_notify_matches_pref_persists" time="0.823" /><testcase classname="tests.test_iteration5" name="test_delete_notifications_scoped_to_caller" time="1.832" /><testcase classname="tests.test_iteration8" name="test_fresh_signup_has_notification_prefs_true" time="0.296" /><testcase classname="tests.test_iteration8" name="test_fresh_signup_dm_creates_message_notification" time="0.812" /><testcase classname="tests.test_iteration5" name="test_delete_account_soft_deletes" time="0.818" /><testcase classname="tests.test_iteration8" name="test_fresh_signup_trade_meetup_rating_notifications" time="2.447" /><testcase classname="tests.test_iteration5" name="test_delete_account_revokes_old_token" time="0.509" /><testcase classname="tests.test_iteration5" name="test_delete_account_requires_auth" time="0.091" /><testcase classname="tests.test_iteration5" name="test_trade_completed_email_for_both_parties" time="1.899" /><testcase classname="tests.test_iteration8" name="test_notify_messages_false_still_suppresses_then_resumes" time="1.156" /><testcase classname="tests.test_iteration5" name="test_ai_suggest_category" time="2.063" /><testcase classname="tests.test_iteration8" name="test_dashboard_stats_shape_and_personal_counts" time="1.113" /><testcase classname="tests.test_iteration8" name="test_dashboard_stats_completed_and_active_trades" time="2.025" /><testcase classname="tests.test_iteration7" name="test_notify_messages_false_suppresses_dm_and_trade_chat" time="2.134" /><testcase classname="tests.test_iteration8" name="test_dashboard_stats_nearby_excludes_own" time="2.004" /><testcase classname="tests.test_iteration7" name="test_notify_trades_false_suppresses_all_trade_notifs" time="2.745" /><testcase classname="tests.test_iteration8" name="test_dashboard_stats_requires_auth" time="0.128" /><testcase classname="tests.test_iteration8" name="test_search_suggest_shape_excludes_own_and_sorted" time="2.378" /><testcase classname="tests.test_iteration7" name="test_notify_trades_true_all_trade_notifs_appear" time="2.481" /><testcase classname="tests.test_iteration8" name="test_search_suggest_limit_max_10" time="3.176" /><testcase classname="tests.test_iteration7" name="test_decline_notif_suppressed_then_delivered" time="1.701" /><testcase classname="tests.test_iteration7" name="test_referral_verified_always_fires" time="2.218" /><testcase classname="tests.test_iteration8" name="test_search_suggest_auth_and_validation" time="0.978" /><testcase classname="tests.test_iteration7_rca" name="test_default_user_receives_inapp_notification" time="0.842" /><testcase classname="tests.test_iteration7" name="test_dm_blank_no_conversation_created" time="0.735" /><testcase classname="tests.test_iteration7" name="test_dm_blank_does_not_touch_existing_conversation" time="1.000" /><testcase classname="tests.test_iteration7" name="test_dm_last_message_stripped" time="0.859" /></testsuite></testsuites>