<?xml version="1.0" encoding="utf-8"?><testsuites name="pytest tests"><testsuite name="pytest" errors="0" failures="0" skipped="0" tests="29" time="7.963" timestamp="2026-08-25T19:40:43.682593+00:00" hostname="agent-env-c40efd7a-63a9-416c-9c62-cdf7c858abb4"><testcase classname="tests.backend_test" name="test_root" time="0.259" /><testcase classname="tests.backend_test" name="test_kind_case_insensitive_normalized" time="1.519" /><testcase classname="tests.backend_test" name="test_invalid_kind_rejected" time="0.080" /><testcase classname="tests.backend_test" name="test_listing_detail_enrichment" time="0.092" /><testcase classname="tests.backend_test" name="test_filter_mine" time="0.189" /><testcase classname="tests.backend_test" name="test_filter_excludes_own_listings" time="0.100" /><testcase classname="tests.backend_test" name="test_filter_kind_lowercase" time="0.101" /><testcase classname="tests.backend_test" name="test_filter_kind_uppercase_query" time="0.281" /><testcase classname="tests.backend_test" name="test_filter_category_and_q" time="0.179" /><testcase classname="tests.backend_test" name="test_filter_radius" time="0.089" /><testcase classname="tests.backend_test" name="test_blocked_user_excluded_then_unblocked" time="0.423" /><testcase classname="tests.backend_test" name="test_matches_both_directions" time="0.164" /><testcase classname="tests.backend_test" name="test_unauthenticated_trades_401" time="0.116" /><testcase classname="tests.backend_test" name="test_unauthenticated_listings_401" time="0.079" /><testcase classname="tests.backend_test" name="test_non_owner_cannot_patch_or_delete" time="0.289" /><testcase classname="tests.backend_test" name="test_unknown_listing_404" time="0.085" /><testcase classname="tests.backend_test" name="test_trade_visible_to_both" time="0.281" /><testcase classname="tests.backend_test" name="test_third_party_cannot_access_trade" time="0.287" /><testcase classname="tests.backend_test" name="test_proposer_cannot_accept_own_trade" time="0.094" /><testcase classname="tests.backend_test" name="test_lifecycle_accept_meetup_chat_complete_rate" time="1.533" /><testcase classname="tests.backend_test" name="test_rating_out_of_range_rejected[0]" time="0.083" /><testcase classname="tests.backend_test" name="test_rating_out_of_range_rejected[-5]" time="0.074" /><testcase classname="tests.backend_test" name="test_rating_out_of_range_rejected[6]" time="0.110" /><testcase classname="tests.backend_test" name="test_rating_out_of_range_rejected[99]" time="0.078" /><testcase classname="tests.backend_test" name="test_rating_valid_boundaries_pass_validation" time="0.187" /><testcase classname="tests.backend_test" name="test_invalid_trade_listings_400" time="0.089" /><testcase classname="tests.backend_test" name="test_community_stats" time="0.098" /><testcase classname="tests.backend_test" name="test_notifications" time="0.150" /><testcase classname="tests.backend_test" name="test_public_user_profile_hides_pii" time="0.268" /></testsuite></testsuites>