<?xml version="1.0" encoding="utf-8"?><testsuites name="pytest tests"><testsuite name="pytest" errors="0" failures="2" skipped="0" tests="21" time="6.834" timestamp="2026-08-28T01:37:16.133805+00:00" hostname="agent-env-c40efd7a-63a9-416c-9c62-cdf7c858abb4"><testcase classname="tests.test_iteration11.TestOtherRegressions" name="test_public_listings_browse_unauthenticated" time="0.320" /><testcase classname="tests.test_iteration11.TestCookieAuth" name="test_signup_sets_httponly_cookie" time="0.312" /><testcase classname="tests.test_iteration11.TestCookieAuth" name="test_login_sets_cookie_and_returns_token" time="0.738" /><testcase classname="tests.test_iteration11.TestOtherRegressions" name="test_conversations" time="1.617" /><testcase classname="tests.test_iteration11.TestCookieAuth" name="test_me_with_cookie_only" time="0.475" /><testcase classname="tests.test_iteration11.TestCookieAuth" name="test_me_with_bearer_only" time="0.407" /><testcase classname="tests.test_iteration11.TestCookieAuth" name="test_me_unauthenticated_401" time="0.292" /><testcase classname="tests.test_iteration11.TestOtherRegressions" name="test_trade_chains" time="0.649" /><testcase classname="tests.test_iteration11.TestCookieAuth" name="test_logout_clears_cookie_and_session" time="0.418" /><testcase classname="tests.test_iteration11.TestOtherRegressions" name="test_referrals" time="0.938" /><testcase classname="tests.test_iteration11.TestCookieAuth" name="test_invalid_token_cookie_rejected" time="0.229" /><testcase classname="tests.test_iteration11.TestOtherRegressions" name="test_recent_completed_30d_counts_a_just_completed_trade" time="1.450"><failure message="AssertionError: recent_completed_30d did not increase (0 -&gt; 0); trade_action never writes `completed_at`, so the 30-day stat is permanently 0&#10;assert 0 &gt;= (0 + 1)">E   AssertionError: recent_completed_30d did not increase (0 -&gt; 0); trade_action never writes `completed_at`, so the 30-day stat is permanently 0
    assert 0 &gt;= (0 + 1)</failure></testcase><testcase classname="tests.test_iteration11.TestCommunityDashboard" name="test_dashboard_public_shape" time="1.235" /><testcase classname="tests.test_iteration11.TestCommunityDashboard" name="test_dashboard_emergency_listing_present" time="0.083" /><testcase classname="tests.test_iteration11.TestCommunityDashboard" name="test_dashboard_top_services_includes_new_service" time="0.109" /><testcase classname="tests.test_iteration11.TestCommunityDashboard" name="test_dashboard_no_auth_leakage" time="0.325"><failure message="assert 81 == 82">E   assert 81 == 82</failure></testcase><testcase classname="tests.test_iteration11.TestTradeFlowRegression" name="test_full_flow_with_cookie_sessions" time="1.812" /><testcase classname="tests.test_iteration11.TestOtherRegressions" name="test_dashboard_stats_requires_auth" time="0.245" /><testcase classname="tests.test_iteration11.TestEmergencyFloatsTop" name="test_emergency_first[recent]" time="0.605" /><testcase classname="tests.test_iteration11.TestEmergencyFloatsTop" name="test_emergency_first[distance]" time="0.094" /><testcase classname="tests.test_iteration11.TestEmergencyFloatsTop" name="test_emergency_first[reputation]" time="0.218" /></testsuite></testsuites>