<?xml version="1.0" encoding="utf-8"?><testsuites name="pytest tests"><testsuite name="pytest" errors="0" failures="2" skipped="0" tests="31" time="11.687" timestamp="2026-08-28T02:12:58.814866+00:00" hostname="agent-env-c40efd7a-63a9-416c-9c62-cdf7c858abb4"><testcase classname="tests.test_iteration12.TestTradeLifecycle" name="test_full_lifecycle_with_referral_hook" time="2.000"><failure message="AssertionError: {&quot;detail&quot;:[{&quot;type&quot;:&quot;missing&quot;,&quot;loc&quot;:[&quot;body&quot;,&quot;location_name&quot;],&quot;msg&quot;:&quot;Field required&quot;,&quot;input&quot;:{&quot;meetup_place&quot;:&quot;TEST Cafe&quot;,&quot;meetup_time&quot;:&quot;2026-08-01T10:00:00Z&quot;},&quot;url&quot;:&quot;https://errors.pydantic.dev/2.13/v/missing&quot;},{&quot;type&quot;:&quot;missing&quot;,&quot;loc&quot;:[&quot;body&quot;,&quot;date&quot;],&quot;msg&quot;:&quot;Field required&quot;,&quot;input&quot;:{&quot;meetup_place&quot;:&quot;TES&#10;assert 422 == 200&#10; +  where 422 = &lt;Response [422]&gt;.status_code">self = &lt;test_iteration12.TestTradeLifecycle object at 0xfceb837a63d0&gt;

    def test_full_lifecycle_with_referral_hook(self):
        a = _signup("tlA")
        _set_profile(a)
        # referral: b signs up with a's code -&gt; completing b's first trade verifies both
        ref = requests.get(f"{BASE}/referrals/mine", headers=a["h"], timeout=T)
        assert ref.status_code == 200, ref.text[:300]
        code = ref.json()["referral_code"]
        b = _signup("tlB", ref_code=code)
        _set_profile(b)
    
        la = _listing(a, "have", f"TEST_drill_{uuid.uuid4().hex[:6]}")
        lb = _listing(b, "have", f"TEST_ladder_{uuid.uuid4().hex[:6]}")
    
        a_before = requests.get(f"{BASE}/auth/me", headers=a["h"], timeout=T).json()["successful_trades"]
        b_before = requests.get(f"{BASE}/auth/me", headers=b["h"], timeout=T).json()["successful_trades"]
    
        # propose (a -&gt; b)
        r = requests.post(f"{BASE}/trades", headers=a["h"], json={
            "my_listing_id": la["listing_id"], "their_listing_id": lb["listing_id"], "to_user_id": b["user_id"],
            "message": "TEST swap?"}, timeout=T)
        assert r.status_code == 200, r.text[:300]
        trade = r.json()
        tid = trade["trade_id"]
        assert trade["status"] == "proposed"
    
        # wrong-party accept must fail
        bad = requests.post(f"{BASE}/trades/{tid}/action", params={"action": "accept"},
                            headers=a["h"], timeout=T)
        assert bad.status_code == 400, f"proposer should not accept: {bad.status_code}"
    
        # unknown action rejected
        bad2 = requests.post(f"{BASE}/trades/{tid}/action", params={"action": "bogus"},
                             headers=a["h"], timeout=T)
        assert bad2.status_code == 400
    
        # accept
        r = requests.post(f"{BASE}/trades/{tid}/action", params={"action": "accept"},
                          headers=b["h"], timeout=T)
        assert r.status_code == 200, r.text[:300]
        assert r.json()["status"] == "accepted"
    
        # meetup
        r = requests.post(f"{BASE}/trades/{tid}/meetup", headers=a["h"], json={
            "meetup_place": "TEST Cafe", "meetup_time": "2026-08-01T10:00:00Z"}, timeout=T)
&gt;       assert r.status_code == 200, r.text[:300]
E       AssertionError: {"detail":[{"type":"missing","loc":["body","location_name"],"msg":"Field required","input":{"meetup_place":"TEST Cafe","meetup_time":"2026-08-01T10:00:00Z"},"url":"https://errors.pydantic.dev/2.13/v/missing"},{"type":"missing","loc":["body","date"],"msg":"Field required","input":{"meetup_place":"TES
E       assert 422 == 200
E        +  where 422 = &lt;Response [422]&gt;.status_code

tests/test_iteration12.py:111: AssertionError</failure></testcase><testcase classname="tests.test_iteration12.TestListingFilters" name="test_kind_filter[have]" time="1.217" /><testcase classname="tests.test_iteration12.TestListingFilters" name="test_kind_filter[need]" time="0.111" /><testcase classname="tests.test_iteration12.TestListingFilters" name="test_kind_filter[service]" time="0.116" /><testcase classname="tests.test_iteration12.TestListingFilters" name="test_category_case_insensitive" time="0.247" /><testcase classname="tests.test_iteration12.TestListingFilters" name="test_q_search" time="0.073" /><testcase classname="tests.test_iteration12.TestListingFilters" name="test_mine_true_only_own" time="0.067" /><testcase classname="tests.test_iteration12.TestListingFilters" name="test_mine_requires_auth" time="0.112" /><testcase classname="tests.test_iteration12.TestListingFilters" name="test_public_listing_excludes_own" time="0.103" /><testcase classname="tests.test_iteration12.TestTradeLifecycle" name="test_repeat_complete_on_completed_trade_is_idempotent" time="1.449"><failure message="AssertionError: re-completing an already-completed trade re-incremented successful_trades 1-&gt;2 (HTTP 200)&#10;assert 2 == 1">self = &lt;test_iteration12.TestTradeLifecycle object at 0xfceb8386b910&gt;

    def test_repeat_complete_on_completed_trade_is_idempotent(self):
        """Calling complete again on an already-completed trade must not re-increment counters."""
        a, b = _signup("idA"), _signup("idB")
        la = _listing(a, "have", f"TEST_idem_a_{uuid.uuid4().hex[:6]}")
        lb = _listing(b, "have", f"TEST_idem_b_{uuid.uuid4().hex[:6]}")
        tid = requests.post(f"{BASE}/trades", headers=a["h"], json={
            "my_listing_id": la["listing_id"], "their_listing_id": lb["listing_id"], "to_user_id": b["user_id"],
            "message": "TEST"}, timeout=T).json()["trade_id"]
        requests.post(f"{BASE}/trades/{tid}/action", params={"action": "accept"}, headers=b["h"], timeout=T)
        for u in (a, b):
            requests.post(f"{BASE}/trades/{tid}/action", params={"action": "complete"}, headers=u["h"], timeout=T)
        base_a = requests.get(f"{BASE}/auth/me", headers=a["h"], timeout=T).json()["successful_trades"]
        r = requests.post(f"{BASE}/trades/{tid}/action", params={"action": "complete"},
                          headers=a["h"], timeout=T)
        again_a = requests.get(f"{BASE}/auth/me", headers=a["h"], timeout=T).json()["successful_trades"]
        _del_listing(a, la["listing_id"])
        _del_listing(b, lb["listing_id"])
&gt;       assert again_a == base_a, (
            f"re-completing an already-completed trade re-incremented successful_trades "
            f"{base_a}-&gt;{again_a} (HTTP {r.status_code})")
E       AssertionError: re-completing an already-completed trade re-incremented successful_trades 1-&gt;2 (HTTP 200)
E       assert 2 == 1

tests/test_iteration12.py:176: AssertionError</failure></testcase><testcase classname="tests.test_iteration12.TestListingFilters" name="test_has_photos_filter" time="0.382" /><testcase classname="tests.test_iteration12.TestListingFilters" name="test_verified_only_filter" time="0.224" /><testcase classname="tests.test_iteration12.TestListingFilters" name="test_radius_filter" time="0.078" /><testcase classname="tests.test_iteration12.TestListingFilters" name="test_sort_emergency_floats_top[recent]" time="0.090" /><testcase classname="tests.test_iteration12.TestListingFilters" name="test_sort_emergency_floats_top[closest]" time="0.083" /><testcase classname="tests.test_iteration12.TestListingFilters" name="test_sort_emergency_floats_top[reputation]" time="0.085" /><testcase classname="tests.test_iteration12.TestListingFilters" name="test_sort_reputation_descending" time="0.086" /><testcase classname="tests.test_iteration12.TestListingFilters" name="test_sort_closest_ascending" time="0.077" /><testcase classname="tests.test_iteration12.TestListingFilters" name="test_no_mongo_id_leak" time="0.361" /><testcase classname="tests.test_iteration12.TestTradeLifecycle" name="test_decline_flow" time="1.571" /><testcase classname="tests.test_iteration12.TestMatchesChains" name="test_chains_schema_and_cycle" time="3.571" /><testcase classname="tests.test_iteration12.TestTradeLifecycle" name="test_trade_action_requires_participant" time="1.370" /><testcase classname="tests.test_iteration12.TestDashboardStats" name="test_stats_shape_no_location" time="0.369" /><testcase classname="tests.test_iteration12.TestDashboardStats" name="test_stats_reflect_my_listings_and_trades" time="2.995" /><testcase classname="tests.test_iteration12.TestMatchesChains" name="test_chains_empty_for_fresh_user" time="0.404" /><testcase classname="tests.test_iteration12.TestMatchesChains" name="test_chains_requires_auth" time="0.067" /><testcase classname="tests.test_iteration12.TestAuthPaths" name="test_bearer_and_cookie_both_work" time="0.788" /><testcase classname="tests.test_iteration12.TestAuthPaths" name="test_login_sets_cookie_and_token" time="0.869" /><testcase classname="tests.test_iteration12.TestDashboardStats" name="test_stats_requires_auth" time="0.067" /><testcase classname="tests.test_iteration12.TestCommunityDashboard" name="test_public_rich_schema" time="0.078" /><testcase classname="tests.test_iteration12.TestCommunityDashboard" name="test_recent_completed_30d_increments" time="1.330" /></testsuite></testsuites>